TN:
SF:src\components\avatar-utils.ts
FN:17,skinFromName
FN:24,accessoryFromRole
FNF:2
FNH:2
FNDA:19,skinFromName
FNDA:25,accessoryFromRole
DA:17,1
DA:18,19
DA:19,150
DA:20,19
DA:24,1
DA:25,25
DA:27,25
DA:34,8
DA:36,17
DA:46,7
DA:48,10
DA:50,6
DA:52,3
LF:13
LH:13
BRDA:25,0,0,18
BRDA:25,0,1,7
BRDA:25,1,0,25
BRDA:25,1,1,25
BRDA:25,2,0,9
BRDA:25,2,1,16
BRDA:25,3,0,25
BRDA:25,3,1,25
BRDA:27,4,0,8
BRDA:28,5,0,25
BRDA:28,5,1,20
BRDA:28,5,2,20
BRDA:28,5,3,20
BRDA:28,5,4,19
BRDA:28,5,5,18
BRDA:36,6,0,7
BRDA:37,7,0,17
BRDA:37,7,1,17
BRDA:37,7,2,16
BRDA:37,7,3,15
BRDA:37,7,4,14
BRDA:37,7,5,13
BRDA:37,7,6,12
BRDA:37,7,7,11
BRDA:37,7,8,10
BRDA:48,8,0,4
BRDA:48,9,0,10
BRDA:48,9,1,8
BRDA:48,9,2,7
BRDA:50,10,0,3
BRDA:50,11,0,6
BRDA:50,11,1,5
BRDA:50,11,2,4
BRF:33
BRH:33
end_of_record
TN:
SF:src\lib\pipeline-assistant-contracts.ts
FNF:0
FNH:0
DA:183,1
LF:1
LH:1
BRF:0
BRH:0
end_of_record
